<?xml version="1.0" encoding="UTF-8"?>
<testsuite name="com.example.project.CalculatorTest" tests="10" skipped="0" failures="0" errors="0" timestamp="2024-09-24T13:05:46" hostname="codespaces-d00326" time="0.121">
  <properties/>
  <testcase name="testDivisibleByFalse()" classname="com.example.project.CalculatorTest" time="0.035"/>
  <testcase name="testInfo()" classname="com.example.project.CalculatorTest" time="0.031"/>
  <testcase name="testDivisibleByTrue()" classname="com.example.project.CalculatorTest" time="0.001"/>
  <testcase name="testCoordinatePair()" classname="com.example.project.CalculatorTest" time="0.015"/>
  <testcase name="testPerformOperationMultiplication()" classname="com.example.project.CalculatorTest" time="0.001"/>
  <testcase name="testPerformOperationNone()" classname="com.example.project.CalculatorTest" time="0.001"/>
  <testcase name="testPerformOperationAddition()" classname="com.example.project.CalculatorTest" time="0.001"/>
  <testcase name="testPerformOperationSubtraction()" classname="com.example.project.CalculatorTest" time="0.001"/>
  <testcase name="testAbsoluteValue()" classname="com.example.project.CalculatorTest" time="0.001"/>
  <testcase name="testPerformOperationDivision()" classname="com.example.project.CalculatorTest" time="0.004"/>
  <system-out><![CDATA[]]></system-out>
  <system-err><![CDATA[]]></system-err>
</testsuite>
